{"meta": {"format": 3, "version": "7.6.1", "timestamp": "2024-09-01T16:58:16.572065", "branch_coverage": false, "show_contexts": true}, "files": {"demo/src/dummyapp.py": {"executed_lines": [1, 2, 3, 5, 8, 10, 11, 12, 14, 15, 16, 17, 18, 19, 20, 22, 23, 24, 25, 27, 28, 31, 32, 34, 35, 37, 39, 41, 44, 54], "summary": {"covered_lines": 30, "num_statements": 36, "percent_covered": 83.33333333333333, "percent_covered_display": "83", "missing_lines": 6, "excluded_lines": 0}, "missing_lines": [45, 48, 49, 52, 55, 56], "excluded_lines": [], "contexts": {"1": [""], "2": [""], "3": [""], "5": [""], "8": [""], "10": [""], "11": ["", "login_test.test_login_success", "login_test.test_login_failure"], "12": ["", "login_test.test_login_success", "login_test.test_login_failure"], "14": [""], "15": [""], "16": [""], "17": [""], "18": [""], "19": [""], "20": [""], "22": [""], "23": [""], "44": [""], "54": [""], "24": ["login_test.test_login_failure", "login_test.test_login_success"], "25": ["login_test.test_login_failure", "login_test.test_login_success"], "27": ["login_test.test_login_failure", "login_test.test_login_success"], "28": ["login_test.test_login_failure", "login_test.test_login_success"], "31": ["login_test.test_login_failure", "login_test.test_login_success"], "32": ["login_test.test_login_failure", "login_test.test_login_success"], "34": ["login_test.test_login_failure", "login_test.test_login_success"], "35": ["login_test.test_login_failure", "login_test.test_login_success"], "37": ["login_test.test_login_failure", "login_test.test_login_success"], "39": ["login_test.test_login_success"], "41": ["login_test.test_login_failure"]}, "functions": {"get_db_connection": {"executed_lines": [11, 12], "summary": {"covered_lines": 2, "num_statements": 2, "percent_covered": 100.0, "percent_covered_display": "100", "missing_lines": 0, "excluded_lines": 0}, "missing_lines": [], "excluded_lines": [], "contexts": {"1": [""], "2": [""], "3": [""], "5": [""], "8": [""], "10": [""], "11": ["", "login_test.test_login_success", "login_test.test_login_failure"], "12": ["", "login_test.test_login_success", "login_test.test_login_failure"], "14": [""], "15": [""], "16": [""], "17": [""], "18": [""], "19": [""], "20": [""], "22": [""], "23": [""], "44": [""], "54": [""], "24": ["login_test.test_login_failure", "login_test.test_login_success"], "25": ["login_test.test_login_failure", "login_test.test_login_success"], "27": ["login_test.test_login_failure", "login_test.test_login_success"], "28": ["login_test.test_login_failure", "login_test.test_login_success"], "31": ["login_test.test_login_failure", "login_test.test_login_success"], "32": ["login_test.test_login_failure", "login_test.test_login_success"], "34": ["login_test.test_login_failure", "login_test.test_login_success"], "35": ["login_test.test_login_failure", "login_test.test_login_success"], "37": ["login_test.test_login_failure", "login_test.test_login_success"], "39": ["login_test.test_login_success"], "41": ["login_test.test_login_failure"]}}, "init_db": {"executed_lines": [15, 16, 17, 18, 19, 20], "summary": {"covered_lines": 6, "num_statements": 6, "percent_covered": 100.0, "percent_covered_display": "100", "missing_lines": 0, "excluded_lines": 0}, "missing_lines": [], "excluded_lines": [], "contexts": {"1": [""], "2": [""], "3": [""], "5": [""], "8": [""], "10": [""], "11": ["", "login_test.test_login_success", "login_test.test_login_failure"], "12": ["", "login_test.test_login_success", "login_test.test_login_failure"], "14": [""], "15": [""], "16": [""], "17": [""], "18": [""], "19": [""], "20": [""], "22": [""], "23": [""], "44": [""], "54": [""], "24": ["login_test.test_login_failure", "login_test.test_login_success"], "25": ["login_test.test_login_failure", "login_test.test_login_success"], "27": ["login_test.test_login_failure", "login_test.test_login_success"], "28": ["login_test.test_login_failure", "login_test.test_login_success"], "31": ["login_test.test_login_failure", "login_test.test_login_success"], "32": ["login_test.test_login_failure", "login_test.test_login_success"], "34": ["login_test.test_login_failure", "login_test.test_login_success"], "35": ["login_test.test_login_failure", "login_test.test_login_success"], "37": ["login_test.test_login_failure", "login_test.test_login_success"], "39": ["login_test.test_login_success"], "41": ["login_test.test_login_failure"]}}, "login": {"executed_lines": [24, 25, 27, 28, 31, 32, 34, 35, 37, 39, 41], "summary": {"covered_lines": 11, "num_statements": 11, "percent_covered": 100.0, "percent_covered_display": "100", "missing_lines": 0, "excluded_lines": 0}, "missing_lines": [], "excluded_lines": [], "contexts": {"1": [""], "2": [""], "3": [""], "5": [""], "8": [""], "10": [""], "11": ["", "login_test.test_login_success", "login_test.test_login_failure"], "12": ["", "login_test.test_login_success", "login_test.test_login_failure"], "14": [""], "15": [""], "16": [""], "17": [""], "18": [""], "19": [""], "20": [""], "22": [""], "23": [""], "44": [""], "54": [""], "24": ["login_test.test_login_failure", "login_test.test_login_success"], "25": ["login_test.test_login_failure", "login_test.test_login_success"], "27": ["login_test.test_login_failure", "login_test.test_login_success"], "28": ["login_test.test_login_failure", "login_test.test_login_success"], "31": ["login_test.test_login_failure", "login_test.test_login_success"], "32": ["login_test.test_login_failure", "login_test.test_login_success"], "34": ["login_test.test_login_failure", "login_test.test_login_success"], "35": ["login_test.test_login_failure", "login_test.test_login_success"], "37": ["login_test.test_login_failure", "login_test.test_login_success"], "39": ["login_test.test_login_success"], "41": ["login_test.test_login_failure"]}}, "ping": {"executed_lines": [], "summary": {"covered_lines": 0, "num_statements": 4, "percent_covered": 0.0, "percent_covered_display": "0", "missing_lines": 4, "excluded_lines": 0}, "missing_lines": [45, 48, 49, 52], "excluded_lines": [], "contexts": {"1": [""], "2": [""], "3": [""], "5": [""], "8": [""], "10": [""], "11": ["", "login_test.test_login_success", "login_test.test_login_failure"], "12": ["", "login_test.test_login_success", "login_test.test_login_failure"], "14": [""], "15": [""], "16": [""], "17": [""], "18": [""], "19": [""], "20": [""], "22": [""], "23": [""], "44": [""], "54": [""], "24": ["login_test.test_login_failure", "login_test.test_login_success"], "25": ["login_test.test_login_failure", "login_test.test_login_success"], "27": ["login_test.test_login_failure", "login_test.test_login_success"], "28": ["login_test.test_login_failure", "login_test.test_login_success"], "31": ["login_test.test_login_failure", "login_test.test_login_success"], "32": ["login_test.test_login_failure", "login_test.test_login_success"], "34": ["login_test.test_login_failure", "login_test.test_login_success"], "35": ["login_test.test_login_failure", "login_test.test_login_success"], "37": ["login_test.test_login_failure", "login_test.test_login_success"], "39": ["login_test.test_login_success"], "41": ["login_test.test_login_failure"]}}, "": {"executed_lines": [1, 2, 3, 5, 8, 10, 14, 22, 23, 44, 54], "summary": {"covered_lines": 11, "num_statements": 13, "percent_covered": 84.61538461538461, "percent_covered_display": "85", "missing_lines": 2, "excluded_lines": 0}, "missing_lines": [55, 56], "excluded_lines": [], "contexts": {"1": [""], "2": [""], "3": [""], "5": [""], "8": [""], "10": [""], "11": ["", "login_test.test_login_success", "login_test.test_login_failure"], "12": ["", "login_test.test_login_success", "login_test.test_login_failure"], "14": [""], "15": [""], "16": [""], "17": [""], "18": [""], "19": [""], "20": [""], "22": [""], "23": [""], "44": [""], "54": [""], "24": ["login_test.test_login_failure", "login_test.test_login_success"], "25": ["login_test.test_login_failure", "login_test.test_login_success"], "27": ["login_test.test_login_failure", "login_test.test_login_success"], "28": ["login_test.test_login_failure", "login_test.test_login_success"], "31": ["login_test.test_login_failure", "login_test.test_login_success"], "32": ["login_test.test_login_failure", "login_test.test_login_success"], "34": ["login_test.test_login_failure", "login_test.test_login_success"], "35": ["login_test.test_login_failure", "login_test.test_login_success"], "37": ["login_test.test_login_failure", "login_test.test_login_success"], "39": ["login_test.test_login_success"], "41": ["login_test.test_login_failure"]}}}, "classes": {"": {"executed_lines": [1, 2, 3, 5, 8, 10, 11, 12, 14, 15, 16, 17, 18, 19, 20, 22, 23, 24, 25, 27, 28, 31, 32, 34, 35, 37, 39, 41, 44, 54], "summary": {"covered_lines": 30, "num_statements": 36, "percent_covered": 83.33333333333333, "percent_covered_display": "83", "missing_lines": 6, "excluded_lines": 0}, "missing_lines": [45, 48, 49, 52, 55, 56], "excluded_lines": [], "contexts": {"1": [""], "2": [""], "3": [""], "5": [""], "8": [""], "10": [""], "11": ["", "login_test.test_login_success", "login_test.test_login_failure"], "12": ["", "login_test.test_login_success", "login_test.test_login_failure"], "14": [""], "15": [""], "16": [""], "17": [""], "18": [""], "19": [""], "20": [""], "22": [""], "23": [""], "44": [""], "54": [""], "24": ["login_test.test_login_failure", "login_test.test_login_success"], "25": ["login_test.test_login_failure", "login_test.test_login_success"], "27": ["login_test.test_login_failure", "login_test.test_login_success"], "28": ["login_test.test_login_failure", "login_test.test_login_success"], "31": ["login_test.test_login_failure", "login_test.test_login_success"], "32": ["login_test.test_login_failure", "login_test.test_login_success"], "34": ["login_test.test_login_failure", "login_test.test_login_success"], "35": ["login_test.test_login_failure", "login_test.test_login_success"], "37": ["login_test.test_login_failure", "login_test.test_login_success"], "39": ["login_test.test_login_success"], "41": ["login_test.test_login_failure"]}}}}, "demo/tests/login_test.py": {"executed_lines": [1, 2, 3, 4, 5, 7, 9, 10, 12, 14, 16, 17, 18, 21, 22, 24, 26, 27, 28, 30, 32, 33, 34], "summary": {"covered_lines": 23, "num_statements": 24, "percent_covered": 95.83333333333333, "percent_covered_display": "96", "missing_lines": 1, "excluded_lines": 0}, "missing_lines": [13], "excluded_lines": [], "contexts": {"1": [""], "2": [""], "3": [""], "4": [""], "5": [""], "7": [""], "9": [""], "10": [""], "12": [""], "14": [""], "16": [""], "17": [""], "18": [""], "21": [""], "22": [""], "24": [""], "30": [""], "26": ["login_test.test_login_success"], "27": ["login_test.test_login_success"], "28": ["login_test.test_login_success"], "32": ["login_test.test_login_failure"], "33": ["login_test.test_login_failure"], "34": ["login_test.test_login_failure"]}, "functions": {"client": {"executed_lines": [12, 14, 16, 17, 18, 21, 22], "summary": {"covered_lines": 7, "num_statements": 8, "percent_covered": 87.5, "percent_covered_display": "88", "missing_lines": 1, "excluded_lines": 0}, "missing_lines": [13], "excluded_lines": [], "contexts": {"1": [""], "2": [""], "3": [""], "4": [""], "5": [""], "7": [""], "9": [""], "10": [""], "12": [""], "14": [""], "16": [""], "17": [""], "18": [""], "21": [""], "22": [""], "24": [""], "30": [""], "26": ["login_test.test_login_success"], "27": ["login_test.test_login_success"], "28": ["login_test.test_login_success"], "32": ["login_test.test_login_failure"], "33": ["login_test.test_login_failure"], "34": ["login_test.test_login_failure"]}}, "test_login_success": {"executed_lines": [26, 27, 28], "summary": {"covered_lines": 3, "num_statements": 3, "percent_covered": 100.0, "percent_covered_display": "100", "missing_lines": 0, "excluded_lines": 0}, "missing_lines": [], "excluded_lines": [], "contexts": {"1": [""], "2": [""], "3": [""], "4": [""], "5": [""], "7": [""], "9": [""], "10": [""], "12": [""], "14": [""], "16": [""], "17": [""], "18": [""], "21": [""], "22": [""], "24": [""], "30": [""], "26": ["login_test.test_login_success"], "27": ["login_test.test_login_success"], "28": ["login_test.test_login_success"], "32": ["login_test.test_login_failure"], "33": ["login_test.test_login_failure"], "34": ["login_test.test_login_failure"]}}, "test_login_failure": {"executed_lines": [32, 33, 34], "summary": {"covered_lines": 3, "num_statements": 3, "percent_covered": 100.0, "percent_covered_display": "100", "missing_lines": 0, "excluded_lines": 0}, "missing_lines": [], "excluded_lines": [], "contexts": {"1": [""], "2": [""], "3": [""], "4": [""], "5": [""], "7": [""], "9": [""], "10": [""], "12": [""], "14": [""], "16": [""], "17": [""], "18": [""], "21": [""], "22": [""], "24": [""], "30": [""], "26": ["login_test.test_login_success"], "27": ["login_test.test_login_success"], "28": ["login_test.test_login_success"], "32": ["login_test.test_login_failure"], "33": ["login_test.test_login_failure"], "34": ["login_test.test_login_failure"]}}, "": {"executed_lines": [1, 2, 3, 4, 5, 7, 9, 10, 24, 30], "summary": {"covered_lines": 10, "num_statements": 10, "percent_covered": 100.0, "percent_covered_display": "100", "missing_lines": 0, "excluded_lines": 0}, "missing_lines": [], "excluded_lines": [], "contexts": {"1": [""], "2": [""], "3": [""], "4": [""], "5": [""], "7": [""], "9": [""], "10": [""], "12": [""], "14": [""], "16": [""], "17": [""], "18": [""], "21": [""], "22": [""], "24": [""], "30": [""], "26": ["login_test.test_login_success"], "27": ["login_test.test_login_success"], "28": ["login_test.test_login_success"], "32": ["login_test.test_login_failure"], "33": ["login_test.test_login_failure"], "34": ["login_test.test_login_failure"]}}}, "classes": {"": {"executed_lines": [1, 2, 3, 4, 5, 7, 9, 10, 12, 14, 16, 17, 18, 21, 22, 24, 26, 27, 28, 30, 32, 33, 34], "summary": {"covered_lines": 23, "num_statements": 24, "percent_covered": 95.83333333333333, "percent_covered_display": "96", "missing_lines": 1, "excluded_lines": 0}, "missing_lines": [13], "excluded_lines": [], "contexts": {"1": [""], "2": [""], "3": [""], "4": [""], "5": [""], "7": [""], "9": [""], "10": [""], "12": [""], "14": [""], "16": [""], "17": [""], "18": [""], "21": [""], "22": [""], "24": [""], "30": [""], "26": ["login_test.test_login_success"], "27": ["login_test.test_login_success"], "28": ["login_test.test_login_success"], "32": ["login_test.test_login_failure"], "33": ["login_test.test_login_failure"], "34": ["login_test.test_login_failure"]}}}}}, "totals": {"covered_lines": 53, "num_statements": 60, "percent_covered": 88.33333333333333, "percent_covered_display": "88", "missing_lines": 7, "excluded_lines": 0}}